c:\users\kiril\source\repos\consoleapplication4\consoleapplication4\x64\debug\vc143.pdb
c:\users\kiril\source\repos\consoleapplication4\consoleapplication4\x64\debug\vc143.idb
c:\users\kiril\source\repos\consoleapplication4\consoleapplication4\x64\debug\consoleapplication4.obj
c:\users\kiril\source\repos\consoleapplication4\x64\debug\consoleapplication4.pdb
c:\users\kiril\source\repos\consoleapplication4\consoleapplication4\x64\debug\consolea.8163b83c.tlog\cl.command.1.tlog
c:\users\kiril\source\repos\consoleapplication4\consoleapplication4\x64\debug\consolea.8163b83c.tlog\cl.items.tlog
c:\users\kiril\source\repos\consoleapplication4\consoleapplication4\x64\debug\consolea.8163b83c.tlog\cl.read.1.tlog
c:\users\kiril\source\repos\consoleapplication4\consoleapplication4\x64\debug\consolea.8163b83c.tlog\cl.write.1.tlog
c:\users\kiril\source\repos\consoleapplication4\consoleapplication4\x64\debug\consolea.8163b83c.tlog\link-cvtres.read.1.tlog
c:\users\kiril\source\repos\consoleapplication4\consoleapplication4\x64\debug\consolea.8163b83c.tlog\link-cvtres.write.1.tlog
c:\users\kiril\source\repos\consoleapplication4\consoleapplication4\x64\debug\consolea.8163b83c.tlog\link-rc.read.1.tlog
c:\users\kiril\source\repos\consoleapplication4\consoleapplication4\x64\debug\consolea.8163b83c.tlog\link-rc.write.1.tlog
c:\users\kiril\source\repos\consoleapplication4\consoleapplication4\x64\debug\consolea.8163b83c.tlog\link.12748-cvtres.read.1.tlog
c:\users\kiril\source\repos\consoleapplication4\consoleapplication4\x64\debug\consolea.8163b83c.tlog\link.12748-cvtres.write.1.tlog
c:\users\kiril\source\repos\consoleapplication4\consoleapplication4\x64\debug\consolea.8163b83c.tlog\link.12748-rc.read.1.tlog
c:\users\kiril\source\repos\consoleapplication4\consoleapplication4\x64\debug\consolea.8163b83c.tlog\link.12748-rc.write.1.tlog
c:\users\kiril\source\repos\consoleapplication4\consoleapplication4\x64\debug\consolea.8163b83c.tlog\link.12748.read.1.tlog
c:\users\kiril\source\repos\consoleapplication4\consoleapplication4\x64\debug\consolea.8163b83c.tlog\link.12748.read.2.tlog
c:\users\kiril\source\repos\consoleapplication4\consoleapplication4\x64\debug\consolea.8163b83c.tlog\link.12748.write.1.tlog
c:\users\kiril\source\repos\consoleapplication4\consoleapplication4\x64\debug\consolea.8163b83c.tlog\link.command.1.tlog
c:\users\kiril\source\repos\consoleapplication4\consoleapplication4\x64\debug\consolea.8163b83c.tlog\link.read.1.tlog
c:\users\kiril\source\repos\consoleapplication4\consoleapplication4\x64\debug\consolea.8163b83c.tlog\link.read.2.tlog
c:\users\kiril\source\repos\consoleapplication4\consoleapplication4\x64\debug\consolea.8163b83c.tlog\link.write.1.tlog
